root        : ERROR    sdfasdf 19452
root        : ERROR    sdfasdf 19453
root        : ERROR    sdfasdf 19454
root        : ERROR    sdfasdf 19455
root        : ERROR    sdfasdf 19456
root        : ERROR    sdfasdf 19457
root        : ERROR    sdfasdf 19458
root        : ERROR    sdfasdf 19459
root        : ERROR    sdfasdf 19460
root        : ERROR    sdfasdf 19461
root        : ERROR    sdfasdf 19462
root        : ERROR    sdfasdf 19463
root        : ERROR    sdfasdf 19464
root        : ERROR    sdfasdf 19465
root        : ERROR    sdfasdf 19466
root        : ERROR    sdfasdf 19467
root        : ERROR    sdfasdf 19468
root        : ERROR    sdfasdf 19469
root        : ERROR    sdfasdf 19470
root        : ERROR    sdfasdf 19471
root        : ERROR    sdfasdf 19472
root        : ERROR    sdfasdf 19473
root        : ERROR    sdfasdf 19474
root        : ERROR    sdfasdf 19475
root        : ERROR    sdfasdf 19476
root        : ERROR    sdfasdf 19477
root        : ERROR    sdfasdf 19478
root        : ERROR    sdfasdf 19479
root        : ERROR    sdfasdf 19480
root        : ERROR    sdfasdf 19481
root        : ERROR    sdfasdf 19482
root        : ERROR    sdfasdf 19483
root        : ERROR    sdfasdf 19484
root        : ERROR    sdfasdf 19485
root        : ERROR    sdfasdf 19486
root        : ERROR    sdfasdf 19487
root        : ERROR    sdfasdf 19488
root        : ERROR    sdfasdf 19489
root        : ERROR    sdfasdf 19490
root        : ERROR    sdfasdf 19491
root        : ERROR    sdfasdf 19492
root        : ERROR    sdfasdf 19493
root        : ERROR    sdfasdf 19494
root        : ERROR    sdfasdf 19495
root        : ERROR    sdfasdf 19496
root        : ERROR    sdfasdf 19497
root        : ERROR    sdfasdf 19498
root        : ERROR    sdfasdf 19499
root        : ERROR    sdfasdf 19500
root        : ERROR    sdfasdf 19501
root        : ERROR    sdfasdf 19502
root        : ERROR    sdfasdf 19503
root        : ERROR    sdfasdf 19504
root        : ERROR    sdfasdf 19505
root        : ERROR    sdfasdf 19506
root        : ERROR    sdfasdf 19507
root        : ERROR    sdfasdf 19508
root        : ERROR    sdfasdf 19509
root        : ERROR    sdfasdf 19510
root        : ERROR    sdfasdf 19511
root        : ERROR    sdfasdf 19512
root        : ERROR    sdfasdf 19513
root        : ERROR    sdfasdf 19514
root        : ERROR    sdfasdf 19515
root        : ERROR    sdfasdf 19516
root        : ERROR    sdfasdf 19517
root        : ERROR    sdfasdf 19518
root        : ERROR    sdfasdf 19519
root        : ERROR    sdfasdf 19520
root        : ERROR    sdfasdf 19521
root        : ERROR    sdfasdf 19522
root        : ERROR    sdfasdf 19523
root        : ERROR    sdfasdf 19524
root        : ERROR    sdfasdf 19525
root        : ERROR    sdfasdf 19526
root        : ERROR    sdfasdf 19527
root        : ERROR    sdfasdf 19528
root        : ERROR    sdfasdf 19529
root        : ERROR    sdfasdf 19530
root        : ERROR    sdfasdf 19531
root        : ERROR    sdfasdf 19532
root        : ERROR    sdfasdf 19533
root        : ERROR    sdfasdf 19534
root        : ERROR    sdfasdf 19535
root        : ERROR    sdfasdf 19536
root        : ERROR    sdfasdf 19537
root        : ERROR    sdfasdf 19538
root        : ERROR    sdfasdf 19539
root        : ERROR    sdfasdf 19540
root        : ERROR    sdfasdf 19541
root        : ERROR    sdfasdf 19542
root        : ERROR    sdfasdf 19543
root        : ERROR    sdfasdf 19544
root        : ERROR    sdfasdf 19545
root        : ERROR    sdfasdf 19546
root        : ERROR    sdfasdf 19547
root        : ERROR    sdfasdf 19548
root        : ERROR    sdfasdf 19549
root        : ERROR    sdfasdf 19550
root        : ERROR    sdfasdf 19551
root        : ERROR    sdfasdf 19552
root        : ERROR    sdfasdf 19553
root        : ERROR    sdfasdf 19554
root        : ERROR    sdfasdf 19555
root        : ERROR    sdfasdf 19556
root        : ERROR    sdfasdf 19557
root        : ERROR    sdfasdf 19558
root        : ERROR    sdfasdf 19559
root        : ERROR    sdfasdf 19560
root        : ERROR    sdfasdf 19561
root        : ERROR    sdfasdf 19562
root        : ERROR    sdfasdf 19563
root        : ERROR    sdfasdf 19564
root        : ERROR    sdfasdf 19565
root        : ERROR    sdfasdf 19566
root        : ERROR    sdfasdf 19567
root        : ERROR    sdfasdf 19568
root        : ERROR    sdfasdf 19569
root        : ERROR    sdfasdf 19570
root        : ERROR    sdfasdf 19571
root        : ERROR    sdfasdf 19572
root        : ERROR    sdfasdf 19573
root        : ERROR    sdfasdf 19574
root        : ERROR    sdfasdf 19575
root        : ERROR    sdfasdf 19576
root        : ERROR    sdfasdf 19577
root        : ERROR    sdfasdf 19578
root        : ERROR    sdfasdf 19579
root        : ERROR    sdfasdf 19580
root        : ERROR    sdfasdf 19581
root        : ERROR    sdfasdf 19582
root        : ERROR    sdfasdf 19583
root        : ERROR    sdfasdf 19584
root        : ERROR    sdfasdf 19585
root        : ERROR    sdfasdf 19586
root        : ERROR    sdfasdf 19587
root        : ERROR    sdfasdf 19588
root        : ERROR    sdfasdf 19589
root        : ERROR    sdfasdf 19590
root        : ERROR    sdfasdf 19591
root        : ERROR    sdfasdf 19592
root        : ERROR    sdfasdf 19593
root        : ERROR    sdfasdf 19594
root        : ERROR    sdfasdf 19595
root        : ERROR    sdfasdf 19596
root        : ERROR    sdfasdf 19597
root        : ERROR    sdfasdf 19598
root        : ERROR    sdfasdf 19599
root        : ERROR    sdfasdf 19600
root        : ERROR    sdfasdf 19601
root        : ERROR    sdfasdf 19602
root        : ERROR    sdfasdf 19603
root        : ERROR    sdfasdf 19604
root        : ERROR    sdfasdf 19605
root        : ERROR    sdfasdf 19606
root        : ERROR    sdfasdf 19607
root        : ERROR    sdfasdf 19608
root        : ERROR    sdfasdf 19609
root        : ERROR    sdfasdf 19610
root        : ERROR    sdfasdf 19611
root        : ERROR    sdfasdf 19612
root        : ERROR    sdfasdf 19613
root        : ERROR    sdfasdf 19614
root        : ERROR    sdfasdf 19615
root        : ERROR    sdfasdf 19616
root        : ERROR    sdfasdf 19617
root        : ERROR    sdfasdf 19618
root        : ERROR    sdfasdf 19619
root        : ERROR    sdfasdf 19620
root        : ERROR    sdfasdf 19621
root        : ERROR    sdfasdf 19622
root        : ERROR    sdfasdf 19623
root        : ERROR    sdfasdf 19624
root        : ERROR    sdfasdf 19625
root        : ERROR    sdfasdf 19626
root        : ERROR    sdfasdf 19627
root        : ERROR    sdfasdf 19628
root        : ERROR    sdfasdf 19629
root        : ERROR    sdfasdf 19630
root        : ERROR    sdfasdf 19631
root        : ERROR    sdfasdf 19632
root        : ERROR    sdfasdf 19633
root        : ERROR    sdfasdf 19634
root        : ERROR    sdfasdf 19635
root        : ERROR    sdfasdf 19636
root        : ERROR    sdfasdf 19637
root        : ERROR    sdfasdf 19638
root        : ERROR    sdfasdf 19639
root        : ERROR    sdfasdf 19640
root        : ERROR    sdfasdf 19641
root        : ERROR    sdfasdf 19642
root        : ERROR    sdfasdf 19643
root        : ERROR    sdfasdf 19644
root        : ERROR    sdfasdf 19645
root        : ERROR    sdfasdf 19646
root        : ERROR    sdfasdf 19647
root        : ERROR    sdfasdf 19648
root        : ERROR    sdfasdf 19649
root        : ERROR    sdfasdf 19650
root        : ERROR    sdfasdf 19651
root        : ERROR    sdfasdf 19652
root        : ERROR    sdfasdf 19653
root        : ERROR    sdfasdf 19654
root        : ERROR    sdfasdf 19655
root        : ERROR    sdfasdf 19656
root        : ERROR    sdfasdf 19657
root        : ERROR    sdfasdf 19658
root        : ERROR    sdfasdf 19659
root        : ERROR    sdfasdf 19660
root        : ERROR    sdfasdf 19661
root        : ERROR    sdfasdf 19662
root        : ERROR    sdfasdf 19663
root        : ERROR    sdfasdf 19664
root        : ERROR    sdfasdf 19665
root        : ERROR    sdfasdf 19666
root        : ERROR    sdfasdf 19667
root        : ERROR    sdfasdf 19668
root        : ERROR    sdfasdf 19669
root        : ERROR    sdfasdf 19670
root        : ERROR    sdfasdf 19671
root        : ERROR    sdfasdf 19672
root        : ERROR    sdfasdf 19673
root        : ERROR    sdfasdf 19674
root        : ERROR    sdfasdf 19675
root        : ERROR    sdfasdf 19676
root        : ERROR    sdfasdf 19677
root        : ERROR    sdfasdf 19678
root        : ERROR    sdfasdf 19679
root        : ERROR    sdfasdf 19680
root        : ERROR    sdfasdf 19681
root        : ERROR    sdfasdf 19682
root        : ERROR    sdfasdf 19683
root        : ERROR    sdfasdf 19684
root        : ERROR    sdfasdf 19685
root        : ERROR    sdfasdf 19686
root        : ERROR    sdfasdf 19687
root        : ERROR    sdfasdf 19688
root        : ERROR    sdfasdf 19689
root        : ERROR    sdfasdf 19690
root        : ERROR    sdfasdf 19691
root        : ERROR    sdfasdf 19692
root        : ERROR    sdfasdf 19693
root        : ERROR    sdfasdf 19694
root        : ERROR    sdfasdf 19695
root        : ERROR    sdfasdf 19696
root        : ERROR    sdfasdf 19697
root        : ERROR    sdfasdf 19698
root        : ERROR    sdfasdf 19699
root        : ERROR    sdfasdf 19700
root        : ERROR    sdfasdf 19701
root        : ERROR    sdfasdf 19702
root        : ERROR    sdfasdf 19703
root        : ERROR    sdfasdf 19704
root        : ERROR    sdfasdf 19705
root        : ERROR    sdfasdf 19706
root        : ERROR    sdfasdf 19707
root        : ERROR    sdfasdf 19708
root        : ERROR    sdfasdf 19709
root        : ERROR    sdfasdf 19710
root        : ERROR    sdfasdf 19711
root        : ERROR    sdfasdf 19712
root        : ERROR    sdfasdf 19713
root        : ERROR    sdfasdf 19714
root        : ERROR    sdfasdf 19715
root        : ERROR    sdfasdf 19716
root        : ERROR    sdfasdf 19717
root        : ERROR    sdfasdf 19718
root        : ERROR    sdfasdf 19719
root        : ERROR    sdfasdf 19720
root        : ERROR    sdfasdf 19721
root        : ERROR    sdfasdf 19722
root        : ERROR    sdfasdf 19723
root        : ERROR    sdfasdf 19724
root        : ERROR    sdfasdf 19725
root        : ERROR    sdfasdf 19726
root        : ERROR    sdfasdf 19727
root        : ERROR    sdfasdf 19728
root        : ERROR    sdfasdf 19729
root        : ERROR    sdfasdf 19730
root        : ERROR    sdfasdf 19731
root        : ERROR    sdfasdf 19732
root        : ERROR    sdfasdf 19733
root        : ERROR    sdfasdf 19734
root        : ERROR    sdfasdf 19735
root        : ERROR    sdfasdf 19736
root        : ERROR    sdfasdf 19737
root        : ERROR    sdfasdf 19738
root        : ERROR    sdfasdf 19739
root        : ERROR    sdfasdf 19740
root        : ERROR    sdfasdf 19741
root        : ERROR    sdfasdf 19742
root        : ERROR    sdfasdf 19743
root        : ERROR    sdfasdf 19744
root        : ERROR    sdfasdf 19745
root        : ERROR    sdfasdf 19746
root        : ERROR    sdfasdf 19747
root        : ERROR    sdfasdf 19748
root        : ERROR    sdfasdf 19749
root        : ERROR    sdfasdf 19750
root        : ERROR    sdfasdf 19751
root        : ERROR    sdfasdf 19752
root        : ERROR    sdfasdf 19753
root        : ERROR    sdfasdf 19754
root        : ERROR    sdfasdf 19755
root        : ERROR    sdfasdf 19756
root        : ERROR    sdfasdf 19757
root        : ERROR    sdfasdf 19758
root        : ERROR    sdfasdf 19759
root        : ERROR    sdfasdf 19760
root        : ERROR    sdfasdf 19761
root        : ERROR    sdfasdf 19762
root        : ERROR    sdfasdf 19763
root        : ERROR    sdfasdf 19764
root        : ERROR    sdfasdf 19765
root        : ERROR    sdfasdf 19766
root        : ERROR    sdfasdf 19767
root        : ERROR    sdfasdf 19768
root        : ERROR    sdfasdf 19769
root        : ERROR    sdfasdf 19770
root        : ERROR    sdfasdf 19771
root        : ERROR    sdfasdf 19772
root        : ERROR    sdfasdf 19773
root        : ERROR    sdfasdf 19774
root        : ERROR    sdfasdf 19775
root        : ERROR    sdfasdf 19776
root        : ERROR    sdfasdf 19777
root        : ERROR    sdfasdf 19778
root        : ERROR    sdfasdf 19779
root        : ERROR    sdfasdf 19780
root        : ERROR    sdfasdf 19781
root        : ERROR    sdfasdf 19782
root        : ERROR    sdfasdf 19783
root        : ERROR    sdfasdf 19784
root        : ERROR    sdfasdf 19785
root        : ERROR    sdfasdf 19786
root        : ERROR    sdfasdf 19787
root        : ERROR    sdfasdf 19788
root        : ERROR    sdfasdf 19789
root        : ERROR    sdfasdf 19790
root        : ERROR    sdfasdf 19791
root        : ERROR    sdfasdf 19792
root        : ERROR    sdfasdf 19793
root        : ERROR    sdfasdf 19794
root        : ERROR    sdfasdf 19795
root        : ERROR    sdfasdf 19796
root        : ERROR    sdfasdf 19797
root        : ERROR    sdfasdf 19798
root        : ERROR    sdfasdf 19799
root        : ERROR    sdfasdf 19800
root        : ERROR    sdfasdf 19801
root        : ERROR    sdfasdf 19802
root        : ERROR    sdfasdf 19803
root        : ERROR    sdfasdf 19804
root        : ERROR    sdfasdf 19805
root        : ERROR    sdfasdf 19806
root        : ERROR    sdfasdf 19807
root        : ERROR    sdfasdf 19808
root        : ERROR    sdfasdf 19809
root        : ERROR    sdfasdf 19810
root        : ERROR    sdfasdf 19811
root        : ERROR    sdfasdf 19812
root        : ERROR    sdfasdf 19813
root        : ERROR    sdfasdf 19814
root        : ERROR    sdfasdf 19815
root        : ERROR    sdfasdf 19816
root        : ERROR    sdfasdf 19817
root        : ERROR    sdfasdf 19818
root        : ERROR    sdfasdf 19819
root        : ERROR    sdfasdf 19820
root        : ERROR    sdfasdf 19821
root        : ERROR    sdfasdf 19822
root        : ERROR    sdfasdf 19823
root        : ERROR    sdfasdf 19824
root        : ERROR    sdfasdf 19825
root        : ERROR    sdfasdf 19826
root        : ERROR    sdfasdf 19827
root        : ERROR    sdfasdf 19828
root        : ERROR    sdfasdf 19829
root        : ERROR    sdfasdf 19830
root        : ERROR    sdfasdf 19831
root        : ERROR    sdfasdf 19832
root        : ERROR    sdfasdf 19833
root        : ERROR    sdfasdf 19834
root        : ERROR    sdfasdf 19835
root        : ERROR    sdfasdf 19836
root        : ERROR    sdfasdf 19837
root        : ERROR    sdfasdf 19838
root        : ERROR    sdfasdf 19839
root        : ERROR    sdfasdf 19840
root        : ERROR    sdfasdf 19841
root        : ERROR    sdfasdf 19842
root        : ERROR    sdfasdf 19843
root        : ERROR    sdfasdf 19844
root        : ERROR    sdfasdf 19845
root        : ERROR    sdfasdf 19846
root        : ERROR    sdfasdf 19847
root        : ERROR    sdfasdf 19848
root        : ERROR    sdfasdf 19849
root        : ERROR    sdfasdf 19850
root        : ERROR    sdfasdf 19851
root        : ERROR    sdfasdf 19852
root        : ERROR    sdfasdf 19853
root        : ERROR    sdfasdf 19854
root        : ERROR    sdfasdf 19855
root        : ERROR    sdfasdf 19856
root        : ERROR    sdfasdf 19857
root        : ERROR    sdfasdf 19858
root        : ERROR    sdfasdf 19859
root        : ERROR    sdfasdf 19860
root        : ERROR    sdfasdf 19861
root        : ERROR    sdfasdf 19862
root        : ERROR    sdfasdf 19863
root        : ERROR    sdfasdf 19864
root        : ERROR    sdfasdf 19865
root        : ERROR    sdfasdf 19866
root        : ERROR    sdfasdf 19867
root        : ERROR    sdfasdf 19868
root        : ERROR    sdfasdf 19869
root        : ERROR    sdfasdf 19870
root        : ERROR    sdfasdf 19871
root        : ERROR    sdfasdf 19872
root        : ERROR    sdfasdf 19873
root        : ERROR    sdfasdf 19874
root        : ERROR    sdfasdf 19875
root        : ERROR    sdfasdf 19876
root        : ERROR    sdfasdf 19877
root        : ERROR    sdfasdf 19878
root        : ERROR    sdfasdf 19879
root        : ERROR    sdfasdf 19880
root        : ERROR    sdfasdf 19881
root        : ERROR    sdfasdf 19882
root        : ERROR    sdfasdf 19883
root        : ERROR    sdfasdf 19884
root        : ERROR    sdfasdf 19885
root        : ERROR    sdfasdf 19886
root        : ERROR    sdfasdf 19887
root        : ERROR    sdfasdf 19888
root        : ERROR    sdfasdf 19889
root        : ERROR    sdfasdf 19890
root        : ERROR    sdfasdf 19891
root        : ERROR    sdfasdf 19892
root        : ERROR    sdfasdf 19893
root        : ERROR    sdfasdf 19894
root        : ERROR    sdfasdf 19895
root        : ERROR    sdfasdf 19896
root        : ERROR    sdfasdf 19897
root        : ERROR    sdfasdf 19898
root        : ERROR    sdfasdf 19899
root        : ERROR    sdfasdf 19900
root        : ERROR    sdfasdf 19901
root        : ERROR    sdfasdf 19902
root        : ERROR    sdfasdf 19903
root        : ERROR    sdfasdf 19904
root        : ERROR    sdfasdf 19905
root        : ERROR    sdfasdf 19906
root        : ERROR    sdfasdf 19907
root        : ERROR    sdfasdf 19908
root        : ERROR    sdfasdf 19909
root        : ERROR    sdfasdf 19910
root        : ERROR    sdfasdf 19911
root        : ERROR    sdfasdf 19912
root        : ERROR    sdfasdf 19913
root        : ERROR    sdfasdf 19914
root        : ERROR    sdfasdf 19915
root        : ERROR    sdfasdf 19916
root        : ERROR    sdfasdf 19917
root        : ERROR    sdfasdf 19918
root        : ERROR    sdfasdf 19919
root        : ERROR    sdfasdf 19920
root        : ERROR    sdfasdf 19921
root        : ERROR    sdfasdf 19922
root        : ERROR    sdfasdf 19923
root        : ERROR    sdfasdf 19924
root        : ERROR    sdfasdf 19925
root        : ERROR    sdfasdf 19926
root        : ERROR    sdfasdf 19927
root        : ERROR    sdfasdf 19928
root        : ERROR    sdfasdf 19929
root        : ERROR    sdfasdf 19930
root        : ERROR    sdfasdf 19931
root        : ERROR    sdfasdf 19932
root        : ERROR    sdfasdf 19933
root        : ERROR    sdfasdf 19934
root        : ERROR    sdfasdf 19935
root        : ERROR    sdfasdf 19936
root        : ERROR    sdfasdf 19937
root        : ERROR    sdfasdf 19938
root        : ERROR    sdfasdf 19939
root        : ERROR    sdfasdf 19940
root        : ERROR    sdfasdf 19941
root        : ERROR    sdfasdf 19942
root        : ERROR    sdfasdf 19943
root        : ERROR    sdfasdf 19944
root        : ERROR    sdfasdf 19945
root        : ERROR    sdfasdf 19946
root        : ERROR    sdfasdf 19947
root        : ERROR    sdfasdf 19948
root        : ERROR    sdfasdf 19949
root        : ERROR    sdfasdf 19950
root        : ERROR    sdfasdf 19951
root        : ERROR    sdfasdf 19952
root        : ERROR    sdfasdf 19953
root        : ERROR    sdfasdf 19954
root        : ERROR    sdfasdf 19955
root        : ERROR    sdfasdf 19956
root        : ERROR    sdfasdf 19957
root        : ERROR    sdfasdf 19958
root        : ERROR    sdfasdf 19959
root        : ERROR    sdfasdf 19960
root        : ERROR    sdfasdf 19961
root        : ERROR    sdfasdf 19962
root        : ERROR    sdfasdf 19963
root        : ERROR    sdfasdf 19964
root        : ERROR    sdfasdf 19965
root        : ERROR    sdfasdf 19966
root        : ERROR    sdfasdf 19967
root        : ERROR    sdfasdf 19968
root        : ERROR    sdfasdf 19969
root        : ERROR    sdfasdf 19970
root        : ERROR    sdfasdf 19971
root        : ERROR    sdfasdf 19972
root        : ERROR    sdfasdf 19973
root        : ERROR    sdfasdf 19974
root        : ERROR    sdfasdf 19975
root        : ERROR    sdfasdf 19976
root        : ERROR    sdfasdf 19977
root        : ERROR    sdfasdf 19978
root        : ERROR    sdfasdf 19979
root        : ERROR    sdfasdf 19980
root        : ERROR    sdfasdf 19981
root        : ERROR    sdfasdf 19982
root        : ERROR    sdfasdf 19983
root        : ERROR    sdfasdf 19984
root        : ERROR    sdfasdf 19985
root        : ERROR    sdfasdf 19986
root        : ERROR    sdfasdf 19987
root        : ERROR    sdfasdf 19988
root        : ERROR    sdfasdf 19989
root        : ERROR    sdfasdf 19990
root        : ERROR    sdfasdf 19991
root        : ERROR    sdfasdf 19992
root        : ERROR    sdfasdf 19993
root        : ERROR    sdfasdf 19994
root        : ERROR    sdfasdf 19995
root        : ERROR    sdfasdf 19996
root        : ERROR    sdfasdf 19997
root        : ERROR    sdfasdf 19998
root        : ERROR    sdfasdf 19999
Sat, 01 Apr 2017 13:19:24 eeqw.py[line:8] DEBUG This is debug message
Sat, 01 Apr 2017 13:19:24 eeqw.py[line:9] INFO This is info message
Sat, 01 Apr 2017 13:19:24 eeqw.py[line:10] WARNING This is warning message
example02   : INFO     This is info message
example02   : WARNING  This is warning message
